<?xml version="1.0" encoding="UTF-8"?>
<!-- Generated by org.testng.reporters.JUnitReportReporter -->
<testsuite skipped="0" hostname="TYSS-4F-038" name="org.sample.tests.DemoTest" tests="1" failures="0" timestamp="25 Apr 2018 11:16:26 GMT" time="46.830" errors="0">
  <testcase name="testA" time="46.830" classname="org.sample.tests.DemoTest"/>
</testsuite> <!-- org.sample.tests.DemoTest -->
